<?xml version="1.0" encoding="UTF-8"?>
<!-- Generated by org.testng.reporters.JUnitReportReporter -->
<testsuite hostname="patrickrwelsh.local" name="com.ge.dsp.event.subscriber.core.impl.listener.WhenHandlingMessageEvents" tests="4" failures="0" timestamp="13 Sep 2013 17:10:50 GMT" time="0.153" errors="0">
  <testcase name="emailNotification_WithNullEventCallBack_isCreatedProperly" time="0.111" classname="com.ge.dsp.event.subscriber.core.impl.listener.WhenHandlingMessageEvents"/>
  <testcase name="canHandle_NullMessageEvent" time="0.001" classname="com.ge.dsp.event.subscriber.core.impl.listener.WhenHandlingMessageEvents"/>
  <testcase name="httpNotification_WithNullEventCallBack_isCreatedProperly" time="0.038" classname="com.ge.dsp.event.subscriber.core.impl.listener.WhenHandlingMessageEvents"/>
  <testcase name="canHandle_NonNull_EventCallback" time="0.003" classname="com.ge.dsp.event.subscriber.core.impl.listener.WhenHandlingMessageEvents"/>
</testsuite> <!-- com.ge.dsp.event.subscriber.core.impl.listener.WhenHandlingMessageEvents -->
