<?xml version="1.0" encoding="UTF-8"?>
<!-- Generated by org.testng.reporters.JUnitReportReporter -->
<testsuite hostname="patrickrwelsh.local" name="com.ge.dsp.event.subscriber.core.impl.listener.WhenRetrievingSubscriberPreferences" tests="4" failures="0" timestamp="6 Sep 2013 21:26:30 GMT" time="0.427" errors="0">
  <testcase name="preferenceListWithNullJasonFlag_returnsEmptyUserPreferenceEntitiesList" time="0.003" classname="com.ge.dsp.event.subscriber.core.impl.listener.WhenRetrievingSubscriberPreferences"/>
  <testcase name="jsonWithoutSubscriptionInformation_Returns_EmptyPreferenceEntitiesList" time="0.016" classname="com.ge.dsp.event.subscriber.core.impl.listener.WhenRetrievingSubscriberPreferences"/>
  <testcase name="nullUserPreferenceList_ReturnsNullPreferenceEntitiesList" time="0.014" classname="com.ge.dsp.event.subscriber.core.impl.listener.WhenRetrievingSubscriberPreferences"/>
  <testcase name="correctPreferenceList_WithContext_returnsPreferenceEntity_WithContext" time="0.394" classname="com.ge.dsp.event.subscriber.core.impl.listener.WhenRetrievingSubscriberPreferences"/>
</testsuite> <!-- com.ge.dsp.event.subscriber.core.impl.listener.WhenRetrievingSubscriberPreferences -->
