<?xml version="1.0" encoding="UTF-8"?>
<!-- Generated by org.testng.reporters.JUnitReportReporter -->
<testsuite hostname="patrickrwelsh.local" name="com.ge.dsp.event.subscriber.core.impl.listener.WhenPersistingUserEventEntities" tests="1" failures="0" timestamp="10 Sep 2013 19:20:01 GMT" time="0.007" errors="0">
  <testcase name="noExceptionIsThrown" time="0.007" classname="com.ge.dsp.event.subscriber.core.impl.listener.WhenPersistingUserEventEntities"/>
</testsuite> <!-- com.ge.dsp.event.subscriber.core.impl.listener.WhenPersistingUserEventEntities -->
