<?xml version="1.0" encoding="UTF-8"?>
<!-- Generated by org.testng.reporters.JUnitReportReporter -->
<testsuite hostname="patrickrwelsh.local" name="com.ge.dsp.event.subscriber.core.fakes.OriginalSubscriberListenerTest" tests="22" failures="0" timestamp="5 Sep 2013 22:29:29 GMT" time="1.043" errors="0">
  <testcase name="testMail" time="0.011" classname="com.ge.dsp.event.subscriber.core.fakes.OriginalSubscriberListenerTest"/>
  <testcase name="testGetUsersSubscriptionPreferenceWithNullSubscription_returnsEmptyUserPreferenceEntityList" time="0.012" classname="com.ge.dsp.event.subscriber.core.fakes.OriginalSubscriberListenerTest"/>
  <testcase name="testEmailNotify" time="0.337" classname="com.ge.dsp.event.subscriber.core.fakes.OriginalSubscriberListenerTest"/>
  <testcase name="testGetUsersSubscriptionPreferenceWithNullPreference" time="0.007" classname="com.ge.dsp.event.subscriber.core.fakes.OriginalSubscriberListenerTest"/>
  <testcase name="testGetUsersSubscriptionPreferenceNullJson" time="0.004" classname="com.ge.dsp.event.subscriber.core.fakes.OriginalSubscriberListenerTest"/>
  <testcase name="testGetUsersSubscriptionPreferenceWithNullSubscription_returnsEmptyUserPreferenceEntityList" time="0.011" classname="com.ge.dsp.event.subscriber.core.fakes.OriginalSubscriberListenerTest"/>
  <testcase name="testGetUsersSubscriptionPreferenceNullJson" time="0.123" classname="com.ge.dsp.event.subscriber.core.fakes.OriginalSubscriberListenerTest"/>
  <testcase name="testInternalPersistence" time="0.005" classname="com.ge.dsp.event.subscriber.core.fakes.OriginalSubscriberListenerTest"/>
  <testcase name="testGetUsersSubscriptionPreferenceWithContext" time="0.011" classname="com.ge.dsp.event.subscriber.core.fakes.OriginalSubscriberListenerTest"/>
  <testcase name="testEmailNotify" time="0.019" classname="com.ge.dsp.event.subscriber.core.fakes.OriginalSubscriberListenerTest"/>
  <testcase name="testHandleNullMessageEvent" time="0.004" classname="com.ge.dsp.event.subscriber.core.fakes.OriginalSubscriberListenerTest"/>
  <testcase name="testGetUsersSubscriptionPreference" time="0.359" classname="com.ge.dsp.event.subscriber.core.fakes.OriginalSubscriberListenerTest"/>
  <testcase name="testHandleEventCallback" time="0.003" classname="com.ge.dsp.event.subscriber.core.fakes.OriginalSubscriberListenerTest"/>
  <testcase name="testGetUsersSubscriptionPreferenceWithNullPreference" time="0.003" classname="com.ge.dsp.event.subscriber.core.fakes.OriginalSubscriberListenerTest"/>
  <testcase name="testGetUsersSubscriptionPreference" time="0.012" classname="com.ge.dsp.event.subscriber.core.fakes.OriginalSubscriberListenerTest"/>
  <testcase name="testInternalPersistence" time="0.046" classname="com.ge.dsp.event.subscriber.core.fakes.OriginalSubscriberListenerTest"/>
  <testcase name="testGetUsersSubscriptionPreferenceWithContext" time="0.016" classname="com.ge.dsp.event.subscriber.core.fakes.OriginalSubscriberListenerTest"/>
  <testcase name="testMail" time="0.010" classname="com.ge.dsp.event.subscriber.core.fakes.OriginalSubscriberListenerTest"/>
  <testcase name="testHttpNotify" time="0.037" classname="com.ge.dsp.event.subscriber.core.fakes.OriginalSubscriberListenerTest"/>
  <testcase name="testHttpNotify" time="0.009" classname="com.ge.dsp.event.subscriber.core.fakes.OriginalSubscriberListenerTest"/>
  <testcase name="testHandleEventCallback" time="0.002" classname="com.ge.dsp.event.subscriber.core.fakes.OriginalSubscriberListenerTest"/>
  <testcase name="testHandleNullMessageEvent" time="0.002" classname="com.ge.dsp.event.subscriber.core.fakes.OriginalSubscriberListenerTest"/>
</testsuite> <!-- com.ge.dsp.event.subscriber.core.fakes.OriginalSubscriberListenerTest -->
