<?xml version="1.0" encoding="UTF-8"?>
<!-- Generated by org.testng.reporters.JUnitReportReporter -->
<testsuite hostname="patrickrwelsh.local" name="com.ge.dsp.event.subscriber.core.originaltest.OriginalSubscriberListenerTest" tests="22" failures="0" timestamp="13 Sep 2013 17:10:36 GMT" time="1.092" errors="0">
  <testcase name="testGetUsersSubscriptionPreferenceWithNullPreference" time="0.005" classname="com.ge.dsp.event.subscriber.core.originaltest.OriginalSubscriberListenerTest"/>
  <testcase name="testGetUsersSubscriptionPreferenceWithNullSubscription_returnsEmptyUserPreferenceEntityList" time="0.013" classname="com.ge.dsp.event.subscriber.core.originaltest.OriginalSubscriberListenerTest"/>
  <testcase name="testGetUsersSubscriptionPreference" time="0.022" classname="com.ge.dsp.event.subscriber.core.originaltest.OriginalSubscriberListenerTest"/>
  <testcase name="testHandleEventCallback" time="0.002" classname="com.ge.dsp.event.subscriber.core.originaltest.OriginalSubscriberListenerTest"/>
  <testcase name="testHandleNullMessageEvent" time="0.002" classname="com.ge.dsp.event.subscriber.core.originaltest.OriginalSubscriberListenerTest"/>
  <testcase name="testHandleEventCallback" time="0.004" classname="com.ge.dsp.event.subscriber.core.originaltest.OriginalSubscriberListenerTest"/>
  <testcase name="testInternalPersistence" time="0.003" classname="com.ge.dsp.event.subscriber.core.originaltest.OriginalSubscriberListenerTest"/>
  <testcase name="testHandleNullMessageEvent" time="0.108" classname="com.ge.dsp.event.subscriber.core.originaltest.OriginalSubscriberListenerTest"/>
  <testcase name="testMail" time="0.012" classname="com.ge.dsp.event.subscriber.core.originaltest.OriginalSubscriberListenerTest"/>
  <testcase name="testMail" time="0.010" classname="com.ge.dsp.event.subscriber.core.originaltest.OriginalSubscriberListenerTest"/>
  <testcase name="testGetUsersSubscriptionPreferenceWithNullSubscription_returnsEmptyUserPreferenceEntityList" time="0.010" classname="com.ge.dsp.event.subscriber.core.originaltest.OriginalSubscriberListenerTest"/>
  <testcase name="testEmailNotify" time="0.374" classname="com.ge.dsp.event.subscriber.core.originaltest.OriginalSubscriberListenerTest"/>
  <testcase name="testEmailNotify" time="0.025" classname="com.ge.dsp.event.subscriber.core.originaltest.OriginalSubscriberListenerTest"/>
  <testcase name="testGetUsersSubscriptionPreferenceWithContext" time="0.018" classname="com.ge.dsp.event.subscriber.core.originaltest.OriginalSubscriberListenerTest"/>
  <testcase name="testHttpNotify" time="0.037" classname="com.ge.dsp.event.subscriber.core.originaltest.OriginalSubscriberListenerTest"/>
  <testcase name="testGetUsersSubscriptionPreferenceNullJson" time="0.004" classname="com.ge.dsp.event.subscriber.core.originaltest.OriginalSubscriberListenerTest"/>
  <testcase name="testGetUsersSubscriptionPreferenceWithContext" time="0.012" classname="com.ge.dsp.event.subscriber.core.originaltest.OriginalSubscriberListenerTest"/>
  <testcase name="testGetUsersSubscriptionPreferenceNullJson" time="0.004" classname="com.ge.dsp.event.subscriber.core.originaltest.OriginalSubscriberListenerTest"/>
  <testcase name="testHttpNotify" time="0.010" classname="com.ge.dsp.event.subscriber.core.originaltest.OriginalSubscriberListenerTest"/>
  <testcase name="testGetUsersSubscriptionPreference" time="0.365" classname="com.ge.dsp.event.subscriber.core.originaltest.OriginalSubscriberListenerTest"/>
  <testcase name="testInternalPersistence" time="0.048" classname="com.ge.dsp.event.subscriber.core.originaltest.OriginalSubscriberListenerTest"/>
  <testcase name="testGetUsersSubscriptionPreferenceWithNullPreference" time="0.004" classname="com.ge.dsp.event.subscriber.core.originaltest.OriginalSubscriberListenerTest"/>
</testsuite> <!-- com.ge.dsp.event.subscriber.core.originaltest.OriginalSubscriberListenerTest -->
