<?xml version="1.0" encoding="UTF-8"?>
<!-- Generated by org.testng.reporters.JUnitReportReporter -->
<testsuite hostname="patrickrwelsh.local" name="com.ge.dsp.event.subscriber.core.impl.SubscriberListerDupsTest" tests="6" failures="0" timestamp="17 Aug 2013 02:15:29 GMT" time="0.746" errors="0">
  <testcase name="testGetUsersSubscriptionPreference_WithNullSubscription" time="0.013" classname="com.ge.dsp.event.subscriber.core.impl.SubscriberListerDupsTest"/>
  <testcase name="testGetUsersSubscriptionPreference" time="0.642" classname="com.ge.dsp.event.subscriber.core.impl.SubscriberListerDupsTest"/>
  <testcase name="testGetUsersSubscriptionPreference_WithNullPreferenceList" time="0.010" classname="com.ge.dsp.event.subscriber.core.impl.SubscriberListerDupsTest"/>
  <testcase name="testGetUsersSubscriptionPreference_WIthNullJsonFlag" time="0.004" classname="com.ge.dsp.event.subscriber.core.impl.SubscriberListerDupsTest"/>
  <testcase name="testInternalPersistence" time="0.057" classname="com.ge.dsp.event.subscriber.core.impl.SubscriberListerDupsTest"/>
  <testcase name="testGetUsersSubscriptionPreferenceWithContext" time="0.020" classname="com.ge.dsp.event.subscriber.core.impl.SubscriberListerDupsTest"/>
</testsuite> <!-- com.ge.dsp.event.subscriber.core.impl.SubscriberListerDupsTest -->
