<?xml version="1.0" encoding="UTF-8"?>
<!-- Generated by org.testng.reporters.JUnitReportReporter -->
<testsuite hostname="patrickrwelsh.local" name="com.ge.dsp.event.subscriber.core.impl.listener.WhenRetrievingSubscriberPreferences" tests="4" failures="0" timestamp="13 Sep 2013 17:29:49 GMT" time="0.425" errors="0">
  <testcase name="correctPreferenceList_WithContext_returnsPreferenceEntity_WithContext" time="0.392" classname="com.ge.dsp.event.subscriber.core.impl.listener.WhenRetrievingSubscriberPreferences"/>
  <testcase name="nullUserPreferenceList_ReturnsNullPreferenceEntitiesList" time="0.012" classname="com.ge.dsp.event.subscriber.core.impl.listener.WhenRetrievingSubscriberPreferences"/>
  <testcase name="preferenceListWithNullJasonFlag_returnsEmptyUserPreferenceEntitiesList" time="0.004" classname="com.ge.dsp.event.subscriber.core.impl.listener.WhenRetrievingSubscriberPreferences"/>
  <testcase name="jsonWithoutSubscriptionInformation_Returns_EmptyPreferenceEntitiesList" time="0.017" classname="com.ge.dsp.event.subscriber.core.impl.listener.WhenRetrievingSubscriberPreferences"/>
</testsuite> <!-- com.ge.dsp.event.subscriber.core.impl.listener.WhenRetrievingSubscriberPreferences -->
