<?xml version="1.0" encoding="UTF-8"?>
<!-- Generated by org.testng.reporters.JUnitReportReporter -->
<testsuite hostname="patrickrwelsh.local" name="com.ge.dsp.event.subscriber.core.impl.SubscriberListenerDupsTest" tests="6" failures="0" timestamp="17 Aug 2013 02:27:16 GMT" time="0.524" errors="0">
  <testcase name="testInternalPersistence" time="0.060" classname="com.ge.dsp.event.subscriber.core.impl.SubscriberListenerDupsTest"/>
  <testcase name="testGetUsersSubscriptionPreference_WIthNullJsonFlag" time="0.013" classname="com.ge.dsp.event.subscriber.core.impl.SubscriberListenerDupsTest"/>
  <testcase name="testGetUsersSubscriptionPreference_WithNullSubscription" time="0.013" classname="com.ge.dsp.event.subscriber.core.impl.SubscriberListenerDupsTest"/>
  <testcase name="testGetUsersSubscriptionPreference_WithNullPreferenceList" time="0.006" classname="com.ge.dsp.event.subscriber.core.impl.SubscriberListenerDupsTest"/>
  <testcase name="testGetUsersSubscriptionPreferenceWithContext" time="0.019" classname="com.ge.dsp.event.subscriber.core.impl.SubscriberListenerDupsTest"/>
  <testcase name="testGetUsersSubscriptionPreference" time="0.413" classname="com.ge.dsp.event.subscriber.core.impl.SubscriberListenerDupsTest"/>
</testsuite> <!-- com.ge.dsp.event.subscriber.core.impl.SubscriberListenerDupsTest -->
