<?xml version="1.0" encoding="UTF-8"?>
<!-- Generated by org.testng.reporters.JUnitReportReporter -->
<testsuite hostname="patrickrwelsh.local" name="com.ge.dsp.event.subscriber.core.originaltest.OriginalSubscriberListenerTest" tests="22" failures="0" timestamp="13 Sep 2013 17:27:21 GMT" time="1.047" errors="0">
  <testcase name="testGetUsersSubscriptionPreferenceWithContext" time="0.016" classname="com.ge.dsp.event.subscriber.core.originaltest.OriginalSubscriberListenerTest"/>
  <testcase name="testGetUsersSubscriptionPreference" time="0.015" classname="com.ge.dsp.event.subscriber.core.originaltest.OriginalSubscriberListenerTest"/>
  <testcase name="testMail" time="0.011" classname="com.ge.dsp.event.subscriber.core.originaltest.OriginalSubscriberListenerTest"/>
  <testcase name="testEmailNotify" time="0.021" classname="com.ge.dsp.event.subscriber.core.originaltest.OriginalSubscriberListenerTest"/>
  <testcase name="testGetUsersSubscriptionPreferenceWithNullPreference" time="0.110" classname="com.ge.dsp.event.subscriber.core.originaltest.OriginalSubscriberListenerTest"/>
  <testcase name="testGetUsersSubscriptionPreferenceWithNullSubscription_returnsEmptyUserPreferenceEntityList" time="0.009" classname="com.ge.dsp.event.subscriber.core.originaltest.OriginalSubscriberListenerTest"/>
  <testcase name="testInternalPersistence" time="0.011" classname="com.ge.dsp.event.subscriber.core.originaltest.OriginalSubscriberListenerTest"/>
  <testcase name="testMail" time="0.010" classname="com.ge.dsp.event.subscriber.core.originaltest.OriginalSubscriberListenerTest"/>
  <testcase name="testGetUsersSubscriptionPreferenceWithNullSubscription_returnsEmptyUserPreferenceEntityList" time="0.012" classname="com.ge.dsp.event.subscriber.core.originaltest.OriginalSubscriberListenerTest"/>
  <testcase name="testHttpNotify" time="0.009" classname="com.ge.dsp.event.subscriber.core.originaltest.OriginalSubscriberListenerTest"/>
  <testcase name="testGetUsersSubscriptionPreferenceWithNullPreference" time="0.003" classname="com.ge.dsp.event.subscriber.core.originaltest.OriginalSubscriberListenerTest"/>
  <testcase name="testHandleEventCallback" time="0.004" classname="com.ge.dsp.event.subscriber.core.originaltest.OriginalSubscriberListenerTest"/>
  <testcase name="testHttpNotify" time="0.043" classname="com.ge.dsp.event.subscriber.core.originaltest.OriginalSubscriberListenerTest"/>
  <testcase name="testHandleEventCallback" time="0.003" classname="com.ge.dsp.event.subscriber.core.originaltest.OriginalSubscriberListenerTest"/>
  <testcase name="testEmailNotify" time="0.335" classname="com.ge.dsp.event.subscriber.core.originaltest.OriginalSubscriberListenerTest"/>
  <testcase name="testGetUsersSubscriptionPreference" time="0.363" classname="com.ge.dsp.event.subscriber.core.originaltest.OriginalSubscriberListenerTest"/>
  <testcase name="testInternalPersistence" time="0.046" classname="com.ge.dsp.event.subscriber.core.originaltest.OriginalSubscriberListenerTest"/>
  <testcase name="testGetUsersSubscriptionPreferenceNullJson" time="0.004" classname="com.ge.dsp.event.subscriber.core.originaltest.OriginalSubscriberListenerTest"/>
  <testcase name="testHandleNullMessageEvent" time="0.004" classname="com.ge.dsp.event.subscriber.core.originaltest.OriginalSubscriberListenerTest"/>
  <testcase name="testGetUsersSubscriptionPreferenceNullJson" time="0.003" classname="com.ge.dsp.event.subscriber.core.originaltest.OriginalSubscriberListenerTest"/>
  <testcase name="testHandleNullMessageEvent" time="0.003" classname="com.ge.dsp.event.subscriber.core.originaltest.OriginalSubscriberListenerTest"/>
  <testcase name="testGetUsersSubscriptionPreferenceWithContext" time="0.012" classname="com.ge.dsp.event.subscriber.core.originaltest.OriginalSubscriberListenerTest"/>
</testsuite> <!-- com.ge.dsp.event.subscriber.core.originaltest.OriginalSubscriberListenerTest -->
