<?xml version="1.0" encoding="UTF-8"?>
<!-- Generated by org.testng.reporters.JUnitReportReporter -->
<testsuite hostname="patrickrwelsh.local" name="com.ge.dsp.event.subscriber.core.impl.WhenHandlingMessageEvents" tests="4" failures="0" timestamp="5 Sep 2013 22:25:08 GMT" time="0.173" errors="0">
  <testcase name="httpNotification_WithNullEventCallBack_isCreatedProperly" time="0.047" classname="com.ge.dsp.event.subscriber.core.impl.WhenHandlingMessageEvents"/>
  <testcase name="canHandle_NullMessageEvent" time="0.002" classname="com.ge.dsp.event.subscriber.core.impl.WhenHandlingMessageEvents"/>
  <testcase name="emailNotification_WithNullEventCallBack_isCreatedProperly" time="0.121" classname="com.ge.dsp.event.subscriber.core.impl.WhenHandlingMessageEvents"/>
  <testcase name="canHandle_NonNull_EventCallback" time="0.003" classname="com.ge.dsp.event.subscriber.core.impl.WhenHandlingMessageEvents"/>
</testsuite> <!-- com.ge.dsp.event.subscriber.core.impl.WhenHandlingMessageEvents -->
