<?xml version="1.0" encoding="UTF-8"?>
<!-- Generated by org.testng.reporters.JUnitReportReporter -->
<testsuite hostname="patrickrwelsh.local" name="com.ge.dsp.event.subscriber.core.impl.RefactoredSubscriberListenerTest" tests="4" failures="0" timestamp="17 Aug 2013 02:29:16 GMT" time="0.767" errors="0">
  <testcase name="testHandle_NullMessageEvent" time="0.108" classname="com.ge.dsp.event.subscriber.core.impl.RefactoredSubscriberListenerTest"/>
  <testcase name="testHandle_NonNull_EventCallback" time="0.003" classname="com.ge.dsp.event.subscriber.core.impl.RefactoredSubscriberListenerTest"/>
  <testcase name="testHttpNotify_IsCreated_WithNullEventCallBack" time="0.365" classname="com.ge.dsp.event.subscriber.core.impl.RefactoredSubscriberListenerTest"/>
  <testcase name="testEmailNotification_IsCreated_WithNullEventCallBack" time="0.291" classname="com.ge.dsp.event.subscriber.core.impl.RefactoredSubscriberListenerTest"/>
</testsuite> <!-- com.ge.dsp.event.subscriber.core.impl.RefactoredSubscriberListenerTest -->
