<?xml version="1.0" encoding="UTF-8"?>
<!-- Generated by org.testng.reporters.JUnitReportReporter -->
<testsuite hostname="patrickrwelsh.local" name="com.ge.dsp.event.subscriber.core.impl.OriginalSubscriberListenerTest" tests="22" failures="0" timestamp="17 Aug 2013 02:42:25 GMT" time="0.862" errors="0">
  <testcase name="testGetUsersSubscriptionPreference" time="0.011" classname="com.ge.dsp.event.subscriber.core.impl.OriginalSubscriberListenerTest"/>
  <testcase name="testGetUsersSubscriptionPreferenceNullJson" time="0.003" classname="com.ge.dsp.event.subscriber.core.impl.OriginalSubscriberListenerTest"/>
  <testcase name="testGetUsersSubscriptionPreferenceWithNullSubscription" time="0.012" classname="com.ge.dsp.event.subscriber.core.impl.OriginalSubscriberListenerTest"/>
  <testcase name="testHandleNullMessageEvent" time="0.013" classname="com.ge.dsp.event.subscriber.core.impl.OriginalSubscriberListenerTest"/>
  <testcase name="testHttpNotify" time="0.010" classname="com.ge.dsp.event.subscriber.core.impl.OriginalSubscriberListenerTest"/>
  <testcase name="testHandleEventCallback" time="0.002" classname="com.ge.dsp.event.subscriber.core.impl.OriginalSubscriberListenerTest"/>
  <testcase name="testMail" time="0.011" classname="com.ge.dsp.event.subscriber.core.impl.OriginalSubscriberListenerTest"/>
  <testcase name="testHandleEventCallback" time="0.003" classname="com.ge.dsp.event.subscriber.core.impl.OriginalSubscriberListenerTest"/>
  <testcase name="testHttpNotify" time="0.039" classname="com.ge.dsp.event.subscriber.core.impl.OriginalSubscriberListenerTest"/>
  <testcase name="testGetUsersSubscriptionPreferenceWithNullSubscription" time="0.011" classname="com.ge.dsp.event.subscriber.core.impl.OriginalSubscriberListenerTest"/>
  <testcase name="testGetUsersSubscriptionPreferenceWithNullPreference" time="0.005" classname="com.ge.dsp.event.subscriber.core.impl.OriginalSubscriberListenerTest"/>
  <testcase name="testGetUsersSubscriptionPreferenceWithContext" time="0.015" classname="com.ge.dsp.event.subscriber.core.impl.OriginalSubscriberListenerTest"/>
  <testcase name="testGetUsersSubscriptionPreferenceWithNullPreference" time="0.007" classname="com.ge.dsp.event.subscriber.core.impl.OriginalSubscriberListenerTest"/>
  <testcase name="testMail" time="0.010" classname="com.ge.dsp.event.subscriber.core.impl.OriginalSubscriberListenerTest"/>
  <testcase name="testHandleNullMessageEvent" time="0.003" classname="com.ge.dsp.event.subscriber.core.impl.OriginalSubscriberListenerTest"/>
  <testcase name="testGetUsersSubscriptionPreferenceNullJson" time="0.004" classname="com.ge.dsp.event.subscriber.core.impl.OriginalSubscriberListenerTest"/>
  <testcase name="testEmailNotify" time="0.022" classname="com.ge.dsp.event.subscriber.core.impl.OriginalSubscriberListenerTest"/>
  <testcase name="testGetUsersSubscriptionPreference" time="0.383" classname="com.ge.dsp.event.subscriber.core.impl.OriginalSubscriberListenerTest"/>
  <testcase name="testEmailNotify" time="0.237" classname="com.ge.dsp.event.subscriber.core.impl.OriginalSubscriberListenerTest"/>
  <testcase name="testInternalPersistence" time="0.004" classname="com.ge.dsp.event.subscriber.core.impl.OriginalSubscriberListenerTest"/>
  <testcase name="testInternalPersistence" time="0.045" classname="com.ge.dsp.event.subscriber.core.impl.OriginalSubscriberListenerTest"/>
  <testcase name="testGetUsersSubscriptionPreferenceWithContext" time="0.012" classname="com.ge.dsp.event.subscriber.core.impl.OriginalSubscriberListenerTest"/>
</testsuite> <!-- com.ge.dsp.event.subscriber.core.impl.OriginalSubscriberListenerTest -->
