<?xml version="1.0" encoding="UTF-8"?>
<!-- Generated by org.testng.reporters.JUnitReportReporter -->
<testsuite hostname="patrickrwelsh.local" name="com.ge.dsp.event.subscriber.core.impl.WhenPersistingUserEventEntities" tests="1" failures="0" timestamp="5 Sep 2013 22:25:08 GMT" time="0.029" errors="0">
  <testcase name="noExceptionIsThrown" time="0.029" classname="com.ge.dsp.event.subscriber.core.impl.WhenPersistingUserEventEntities"/>
</testsuite> <!-- com.ge.dsp.event.subscriber.core.impl.WhenPersistingUserEventEntities -->
