<?xml version="1.0" encoding="UTF-8"?>
<!-- Generated by org.testng.reporters.JUnitReportReporter -->
<testsuite hostname="patrickrwelsh.local" name="com.ge.dsp.event.subscriber.core.impl.WhenRetrievingSubscriberPreferences" tests="3" failures="0" timestamp="5 Sep 2013 22:25:08 GMT" time="0.386" errors="0">
  <testcase name="preferenceListWithNullJasonFlag_returnsEmptyUserPreferenceEntitiesList" time="0.003" classname="com.ge.dsp.event.subscriber.core.impl.WhenRetrievingSubscriberPreferences"/>
  <testcase name="jsonWithoutSubscriptionInformation_Returns_EmptyPreferenceEntitiesList" time="0.379" classname="com.ge.dsp.event.subscriber.core.impl.WhenRetrievingSubscriberPreferences"/>
  <testcase name="nullUserPreferenceList_ReturnsNullPreferenceEntitiesList" time="0.004" classname="com.ge.dsp.event.subscriber.core.impl.WhenRetrievingSubscriberPreferences"/>
</testsuite> <!-- com.ge.dsp.event.subscriber.core.impl.WhenRetrievingSubscriberPreferences -->
