<?xml version="1.0" encoding="UTF-8"?>
<!-- Generated by org.testng.reporters.JUnitReportReporter -->
<testsuite hostname="patrickrwelsh.local" name="com.ge.dsp.event.subscriber.core.impl.listener.WhenPersistingUserEventEntities" tests="1" failures="0" timestamp="13 Sep 2013 17:29:49 GMT" time="0.008" errors="0">
  <testcase name="noExceptionIsThrown" time="0.008" classname="com.ge.dsp.event.subscriber.core.impl.listener.WhenPersistingUserEventEntities"/>
</testsuite> <!-- com.ge.dsp.event.subscriber.core.impl.listener.WhenPersistingUserEventEntities -->
