<?xml version="1.0" encoding="UTF-8"?>
<!-- Generated by org.testng.reporters.JUnitReportReporter -->
<testsuite hostname="SFO1212349336M" name="com.ge.dsp.event.subscriber.core.impl.SubscriberListenerTest" tests="22" failures="0" timestamp="15 Aug 2013 20:00:53 GMT" time="0.970" errors="0">
  <testcase name="testGetUsersSubscriptionPreferenceWithNullSubscription" time="0.011" classname="com.ge.dsp.event.subscriber.core.impl.SubscriberListenerTest"/>
  <testcase name="testMail" time="0.112" classname="com.ge.dsp.event.subscriber.core.impl.SubscriberListenerTest"/>
  <testcase name="testGetUsersSubscriptionPreferenceWithContext" time="0.015" classname="com.ge.dsp.event.subscriber.core.impl.SubscriberListenerTest"/>
  <testcase name="testGetUsersSubscriptionPreference" time="0.332" classname="com.ge.dsp.event.subscriber.core.impl.SubscriberListenerTest"/>
  <testcase name="testGetUsersSubscriptionPreferenceNullJson" time="0.004" classname="com.ge.dsp.event.subscriber.core.impl.SubscriberListenerTest"/>
  <testcase name="testGetUsersSubscriptionPreferenceWithNullPreference" time="0.006" classname="com.ge.dsp.event.subscriber.core.impl.SubscriberListenerTest"/>
  <testcase name="testEmailNotify" time="0.021" classname="com.ge.dsp.event.subscriber.core.impl.SubscriberListenerTest"/>
  <testcase name="testHandleNullMessageEvent" time="0.003" classname="com.ge.dsp.event.subscriber.core.impl.SubscriberListenerTest"/>
  <testcase name="testHandleEventCallback" time="0.004" classname="com.ge.dsp.event.subscriber.core.impl.SubscriberListenerTest"/>
  <testcase name="testHttpNotify" time="0.037" classname="com.ge.dsp.event.subscriber.core.impl.SubscriberListenerTest"/>
  <testcase name="testHandleEventCallback" time="0.005" classname="com.ge.dsp.event.subscriber.core.impl.SubscriberListenerTest"/>
  <testcase name="testGetUsersSubscriptionPreferenceWithContext" time="0.013" classname="com.ge.dsp.event.subscriber.core.impl.SubscriberListenerTest"/>
  <testcase name="testHttpNotify" time="0.009" classname="com.ge.dsp.event.subscriber.core.impl.SubscriberListenerTest"/>
  <testcase name="testMail" time="0.010" classname="com.ge.dsp.event.subscriber.core.impl.SubscriberListenerTest"/>
  <testcase name="testGetUsersSubscriptionPreferenceWithNullSubscription" time="0.012" classname="com.ge.dsp.event.subscriber.core.impl.SubscriberListenerTest"/>
  <testcase name="testInternalPersistence" time="0.042" classname="com.ge.dsp.event.subscriber.core.impl.SubscriberListenerTest"/>
  <testcase name="testHandleNullMessageEvent" time="0.003" classname="com.ge.dsp.event.subscriber.core.impl.SubscriberListenerTest"/>
  <testcase name="testGetUsersSubscriptionPreference" time="0.013" classname="com.ge.dsp.event.subscriber.core.impl.SubscriberListenerTest"/>
  <testcase name="testGetUsersSubscriptionPreferenceWithNullPreference" time="0.003" classname="com.ge.dsp.event.subscriber.core.impl.SubscriberListenerTest"/>
  <testcase name="testEmailNotify" time="0.308" classname="com.ge.dsp.event.subscriber.core.impl.SubscriberListenerTest"/>
  <testcase name="testInternalPersistence" time="0.003" classname="com.ge.dsp.event.subscriber.core.impl.SubscriberListenerTest"/>
  <testcase name="testGetUsersSubscriptionPreferenceNullJson" time="0.004" classname="com.ge.dsp.event.subscriber.core.impl.SubscriberListenerTest"/>
</testsuite> <!-- com.ge.dsp.event.subscriber.core.impl.SubscriberListenerTest -->
